Arguments: 
  /usr/local/Cellar/node/7.2.1/bin/node /usr/local/bin/yarn

PATH: 
  /Users/marek/.jenv/bin:/opt/oracle/ohome/bin:/Users/marek/bin:/usr/local/bin:/usr/bin:/bin:/usr/sbin:/sbin:/usr/local/git/bin:/usr/local/share/npm/bin

Yarn version: 
  0.17.10

Node version: 
  7.2.1

Platform: 
  darwin x64

npm manifest: 
  {
    "name": "xecmascript",
    "version": "0.0.0",
    "description": "Exercism exercises in ECMAScript 6.",
    "author": "Katrina Owen",
    "private": true,
    "repository": {
      "type": "git",
      "url": "https://github.com/exercism/xecmascript"
    },
    "devDependencies": {
      "babel": "~5.8.29",
      "del": "~2.0.2",
      "gulp": "~3.9.0",
      "gulp-babel": "~5.3.0",
      "gulp-eslint": "^1.1.0",
      "gulp-jasmine": "~2.4.2",
      "yargs": "~3.27.0"
    },
    "scripts": {
      "test": "gulp test",
      "lint-test": "gulp lint test"
    },
    "licenses": [
      "MIT"
    ],
    "dependencies": {}
  }

yarn manifest: 
  No manifest

Lockfile: 
  No lockfile

Trace: 
  Error: connect ECONNREFUSED 104.16.63.173:443
      at Object.exports._errnoException (util.js:1022:11)
      at exports._exceptionWithHostPort (util.js:1045:20)
      at TCPConnectWrap.afterConnect [as oncomplete] (net.js:1090:14)
